<?xml version="1.0" encoding="UTF-8"?>
<testng-results ignored="0" total="1" passed="0" failed="1" skipped="0">
  <reporter-output>
  </reporter-output>
  <suite started-at="2021-12-29T10:37:10 IST" name="Default suite" finished-at="2021-12-29T10:37:20 IST" duration-ms="10238">
    <groups>
      <group name="RegressionSuite">
        <method signature="CreateOrgWithIndustriesAndType.createOrg()[pri:0, instance:com.crm.autodesk.orgtest.CreateOrgWithIndustriesAndType@31fa1761]" name="createOrg" class="com.crm.autodesk.orgtest.CreateOrgWithIndustriesAndType"/>
      </group> <!-- RegressionSuite -->
    </groups>
    <test started-at="2021-12-29T10:37:10 IST" name="Default test" finished-at="2021-12-29T10:37:20 IST" duration-ms="10238">
      <class name="com.crm.autodesk.orgtest.CreateOrgWithIndustriesAndType">
        <test-method is-config="true" signature="dbConnection()[pri:0, instance:com.crm.autodesk.orgtest.CreateOrgWithIndustriesAndType@31fa1761]" started-at="2021-12-29T10:37:10 IST" name="dbConnection" finished-at="2021-12-29T10:37:10 IST" duration-ms="6" status="PASS">
          <reporter-output>
          </reporter-output>
        </test-method> <!-- dbConnection -->
        <test-method is-config="true" signature="launchBrowser()[pri:0, instance:com.crm.autodesk.orgtest.CreateOrgWithIndustriesAndType@31fa1761]" started-at="2021-12-29T10:37:10 IST" name="launchBrowser" finished-at="2021-12-29T10:37:12 IST" duration-ms="2228" status="PASS">
          <reporter-output>
          </reporter-output>
        </test-method> <!-- launchBrowser -->
        <test-method is-config="true" signature="loginToApp()[pri:0, instance:com.crm.autodesk.orgtest.CreateOrgWithIndustriesAndType@31fa1761]" started-at="2021-12-29T10:37:12 IST" name="loginToApp" finished-at="2021-12-29T10:37:15 IST" duration-ms="2355" status="PASS">
          <reporter-output>
          </reporter-output>
        </test-method> <!-- loginToApp -->
        <test-method signature="createOrg()[pri:0, instance:com.crm.autodesk.orgtest.CreateOrgWithIndustriesAndType@31fa1761]" started-at="2021-12-29T10:37:15 IST" name="createOrg" finished-at="2021-12-29T10:37:19 IST" duration-ms="4319" status="FAIL">
          <exception class="java.lang.AssertionError">
            <message>
              <![CDATA[My Damn Wish]]>
            </message>
            <full-stacktrace>
              <![CDATA[java.lang.AssertionError: My Damn Wish
at org.testng.Assert.fail(Assert.java:99)
at com.crm.autodesk.orgtest.CreateOrgWithIndustriesAndType.createOrg(CreateOrgWithIndustriesAndType.java:39)
at java.base/jdk.internal.reflect.NativeMethodAccessorImpl.invoke0(Native Method)
at java.base/jdk.internal.reflect.NativeMethodAccessorImpl.invoke(NativeMethodAccessorImpl.java:78)
at java.base/jdk.internal.reflect.DelegatingMethodAccessorImpl.invoke(DelegatingMethodAccessorImpl.java:43)
at java.base/java.lang.reflect.Method.invoke(Method.java:567)
at org.testng.internal.MethodInvocationHelper.invokeMethod(MethodInvocationHelper.java:133)
at org.testng.internal.TestInvoker.invokeMethod(TestInvoker.java:598)
at org.testng.internal.TestInvoker.invokeTestMethod(TestInvoker.java:173)
at org.testng.internal.MethodRunner.runInSequence(MethodRunner.java:46)
at org.testng.internal.TestInvoker$MethodInvocationAgent.invoke(TestInvoker.java:824)
at org.testng.internal.TestInvoker.invokeTestMethods(TestInvoker.java:146)
at org.testng.internal.TestMethodWorker.invokeTestMethods(TestMethodWorker.java:146)
at org.testng.internal.TestMethodWorker.run(TestMethodWorker.java:128)
at java.base/java.util.ArrayList.forEach(ArrayList.java:1511)
at org.testng.TestRunner.privateRun(TestRunner.java:794)
at org.testng.TestRunner.run(TestRunner.java:596)
at org.testng.SuiteRunner.runTest(SuiteRunner.java:377)
at org.testng.SuiteRunner.runSequentially(SuiteRunner.java:371)
at org.testng.SuiteRunner.privateRun(SuiteRunner.java:332)
at org.testng.SuiteRunner.run(SuiteRunner.java:276)
at org.testng.SuiteRunnerWorker.runSuite(SuiteRunnerWorker.java:53)
at org.testng.SuiteRunnerWorker.run(SuiteRunnerWorker.java:96)
at org.testng.TestNG.runSuitesSequentially(TestNG.java:1212)
at org.testng.TestNG.runSuitesLocally(TestNG.java:1134)
at org.testng.TestNG.runSuites(TestNG.java:1063)
at org.testng.TestNG.run(TestNG.java:1031)
at org.testng.remote.AbstractRemoteTestNG.run(AbstractRemoteTestNG.java:115)
at org.testng.remote.RemoteTestNG.initAndRun(RemoteTestNG.java:251)
at org.testng.remote.RemoteTestNG.main(RemoteTestNG.java:77)
]]>
            </full-stacktrace>
          </exception> <!-- java.lang.AssertionError -->
          <reporter-output>
          </reporter-output>
        </test-method> <!-- createOrg -->
        <test-method is-config="true" signature="logOutOfApp()[pri:0, instance:com.crm.autodesk.orgtest.CreateOrgWithIndustriesAndType@31fa1761]" started-at="2021-12-29T10:37:19 IST" name="logOutOfApp" finished-at="2021-12-29T10:37:20 IST" duration-ms="1229" status="PASS">
          <reporter-output>
          </reporter-output>
        </test-method> <!-- logOutOfApp -->
        <test-method is-config="true" signature="closeBrowser()[pri:0, instance:com.crm.autodesk.orgtest.CreateOrgWithIndustriesAndType@31fa1761]" started-at="2021-12-29T10:37:20 IST" name="closeBrowser" finished-at="2021-12-29T10:37:20 IST" duration-ms="64" status="PASS">
          <reporter-output>
          </reporter-output>
        </test-method> <!-- closeBrowser -->
        <test-method is-config="true" signature="closeDbConnection()[pri:0, instance:com.crm.autodesk.orgtest.CreateOrgWithIndustriesAndType@31fa1761]" started-at="2021-12-29T10:37:20 IST" name="closeDbConnection" finished-at="2021-12-29T10:37:20 IST" duration-ms="0" status="PASS">
          <reporter-output>
          </reporter-output>
        </test-method> <!-- closeDbConnection -->
      </class> <!-- com.crm.autodesk.orgtest.CreateOrgWithIndustriesAndType -->
    </test> <!-- Default test -->
  </suite> <!-- Default suite -->
</testng-results>
